0 info it worked if it ends with ok
1 verbose cli [ '/usr/local/bin/node', '/usr/local/bin/npm', 'install' ]
2 info using npm@1.4.28
3 info using node@v0.10.33
4 verbose readDependencies using package.json deps
5 verbose install where, deps [ '/home/maasencioh/Documents/cheminfo/distance',
5 verbose install   [ 'mocha-better-spec-reporter', 'mocha', 'should' ] ]
6 info preinstall ml-distance@1.0.0
7 verbose readDependencies using package.json deps
8 verbose cache add [ 'mocha-better-spec-reporter@latest', null ]
9 verbose cache add name=undefined spec="mocha-better-spec-reporter@latest" args=["mocha-better-spec-reporter@latest",null]
10 verbose parsed url { protocol: null,
10 verbose parsed url   slashes: null,
10 verbose parsed url   auth: null,
10 verbose parsed url   host: null,
10 verbose parsed url   port: null,
10 verbose parsed url   hostname: null,
10 verbose parsed url   hash: null,
10 verbose parsed url   search: null,
10 verbose parsed url   query: null,
10 verbose parsed url   pathname: 'mocha-better-spec-reporter@latest',
10 verbose parsed url   path: 'mocha-better-spec-reporter@latest',
10 verbose parsed url   href: 'mocha-better-spec-reporter@latest' }
11 verbose cache add [ 'mocha@latest', null ]
12 verbose cache add name=undefined spec="mocha@latest" args=["mocha@latest",null]
13 verbose parsed url { protocol: null,
13 verbose parsed url   slashes: null,
13 verbose parsed url   auth: null,
13 verbose parsed url   host: null,
13 verbose parsed url   port: null,
13 verbose parsed url   hostname: null,
13 verbose parsed url   hash: null,
13 verbose parsed url   search: null,
13 verbose parsed url   query: null,
13 verbose parsed url   pathname: 'mocha@latest',
13 verbose parsed url   path: 'mocha@latest',
13 verbose parsed url   href: 'mocha@latest' }
14 verbose cache add [ 'should@latest', null ]
15 verbose cache add name=undefined spec="should@latest" args=["should@latest",null]
16 verbose parsed url { protocol: null,
16 verbose parsed url   slashes: null,
16 verbose parsed url   auth: null,
16 verbose parsed url   host: null,
16 verbose parsed url   port: null,
16 verbose parsed url   hostname: null,
16 verbose parsed url   hash: null,
16 verbose parsed url   search: null,
16 verbose parsed url   query: null,
16 verbose parsed url   pathname: 'should@latest',
16 verbose parsed url   path: 'should@latest',
16 verbose parsed url   href: 'should@latest' }
17 verbose cache add name="mocha-better-spec-reporter" spec="latest" args=["mocha-better-spec-reporter","latest"]
18 verbose parsed url { protocol: null,
18 verbose parsed url   slashes: null,
18 verbose parsed url   auth: null,
18 verbose parsed url   host: null,
18 verbose parsed url   port: null,
18 verbose parsed url   hostname: null,
18 verbose parsed url   hash: null,
18 verbose parsed url   search: null,
18 verbose parsed url   query: null,
18 verbose parsed url   pathname: 'latest',
18 verbose parsed url   path: 'latest',
18 verbose parsed url   href: 'latest' }
19 verbose addNamed [ 'mocha-better-spec-reporter', 'latest' ]
20 verbose addNamed [ null, null ]
21 verbose cache add name="mocha" spec="latest" args=["mocha","latest"]
22 verbose parsed url { protocol: null,
22 verbose parsed url   slashes: null,
22 verbose parsed url   auth: null,
22 verbose parsed url   host: null,
22 verbose parsed url   port: null,
22 verbose parsed url   hostname: null,
22 verbose parsed url   hash: null,
22 verbose parsed url   search: null,
22 verbose parsed url   query: null,
22 verbose parsed url   pathname: 'latest',
22 verbose parsed url   path: 'latest',
22 verbose parsed url   href: 'latest' }
23 verbose addNamed [ 'mocha', 'latest' ]
24 verbose addNamed [ null, null ]
25 verbose cache add name="should" spec="latest" args=["should","latest"]
26 verbose parsed url { protocol: null,
26 verbose parsed url   slashes: null,
26 verbose parsed url   auth: null,
26 verbose parsed url   host: null,
26 verbose parsed url   port: null,
26 verbose parsed url   hostname: null,
26 verbose parsed url   hash: null,
26 verbose parsed url   search: null,
26 verbose parsed url   query: null,
26 verbose parsed url   pathname: 'latest',
26 verbose parsed url   path: 'latest',
26 verbose parsed url   href: 'latest' }
27 verbose addNamed [ 'should', 'latest' ]
28 verbose addNamed [ null, null ]
29 silly lockFile 6d1c8570-ocha-better-spec-reporter-latest mocha-better-spec-reporter@latest
30 verbose lock mocha-better-spec-reporter@latest /root/.npm/6d1c8570-ocha-better-spec-reporter-latest.lock
31 silly lockFile 12215997-mocha-latest mocha@latest
32 verbose lock mocha@latest /root/.npm/12215997-mocha-latest.lock
33 silly lockFile b74e4a4c-should-latest should@latest
34 verbose lock should@latest /root/.npm/b74e4a4c-should-latest.lock
35 info addNameTag [ 'mocha-better-spec-reporter', 'latest' ]
36 info addNameTag [ 'mocha', 'latest' ]
37 info addNameTag [ 'should', 'latest' ]
38 verbose request where is /mocha-better-spec-reporter
39 verbose request registry https://registry.npmjs.org/
40 verbose request id 571d4b4803e49f4d
41 verbose url raw /mocha-better-spec-reporter
42 verbose url resolving [ 'https://registry.npmjs.org/',
42 verbose url resolving   './mocha-better-spec-reporter' ]
43 verbose url resolved https://registry.npmjs.org/mocha-better-spec-reporter
44 verbose request where is https://registry.npmjs.org/mocha-better-spec-reporter
45 info trying registry request attempt 1 at 13:31:05
46 http GET https://registry.npmjs.org/mocha-better-spec-reporter
47 verbose request where is /should
48 verbose request registry https://registry.npmjs.org/
49 verbose url raw /should
50 verbose url resolving [ 'https://registry.npmjs.org/', './should' ]
51 verbose url resolved https://registry.npmjs.org/should
52 verbose request where is https://registry.npmjs.org/should
53 info trying registry request attempt 1 at 13:31:05
54 http GET https://registry.npmjs.org/should
55 verbose request where is /mocha
56 verbose request registry https://registry.npmjs.org/
57 verbose url raw /mocha
58 verbose url resolving [ 'https://registry.npmjs.org/', './mocha' ]
59 verbose url resolved https://registry.npmjs.org/mocha
60 verbose request where is https://registry.npmjs.org/mocha
61 info trying registry request attempt 1 at 13:31:05
62 verbose etag "78XWBSCHNN4P85E666EY3PLTR"
63 http GET https://registry.npmjs.org/mocha
64 info retry will retry, error on last attempt: Error: connect ECONNREFUSED
65 info retry will retry, error on last attempt: Error: connect ECONNREFUSED
66 info retry will retry, error on last attempt: Error: connect ECONNREFUSED
67 info trying registry request attempt 2 at 13:31:15
68 verbose etag "78XWBSCHNN4P85E666EY3PLTR"
69 http GET https://registry.npmjs.org/mocha
70 info trying registry request attempt 2 at 13:31:15
71 http GET https://registry.npmjs.org/should
72 info trying registry request attempt 2 at 13:31:15
73 http GET https://registry.npmjs.org/mocha-better-spec-reporter
74 info retry will retry, error on last attempt: Error: connect ECONNREFUSED
75 info retry will retry, error on last attempt: Error: connect ECONNREFUSED
76 info retry will retry, error on last attempt: Error: connect ECONNREFUSED
77 info trying registry request attempt 3 at 13:32:15
78 verbose etag "78XWBSCHNN4P85E666EY3PLTR"
79 http GET https://registry.npmjs.org/mocha
80 info trying registry request attempt 3 at 13:32:15
81 http GET https://registry.npmjs.org/should
82 info trying registry request attempt 3 at 13:32:15
83 http GET https://registry.npmjs.org/mocha-better-spec-reporter
84 silly lockFile 6d1c8570-ocha-better-spec-reporter-latest mocha-better-spec-reporter@latest
85 silly lockFile 6d1c8570-ocha-better-spec-reporter-latest mocha-better-spec-reporter@latest
86 silly registry.get cb [ 304, undefined ]
87 verbose etag https://registry.npmjs.org/mocha from cache
88 silly lockFile b74e4a4c-should-latest should@latest
89 silly lockFile b74e4a4c-should-latest should@latest
90 verbose addNamed [ 'mocha', '2.0.1' ]
91 verbose addNamed [ '2.0.1', '2.0.1' ]
92 silly lockFile 5f39746a-mocha-2-0-1 mocha@2.0.1
93 verbose lock mocha@2.0.1 /root/.npm/5f39746a-mocha-2-0-1.lock
94 silly lockFile 5f39746a-mocha-2-0-1 mocha@2.0.1
95 silly lockFile 5f39746a-mocha-2-0-1 mocha@2.0.1
96 silly lockFile 12215997-mocha-latest mocha@latest
97 silly lockFile 12215997-mocha-latest mocha@latest
98 info already installed mocha@2.0.1
99 error Error: connect ECONNREFUSED
99 error     at errnoException (net.js:904:11)
99 error     at Object.afterConnect [as oncomplete] (net.js:895:19)
99 error  { [Error: connect ECONNREFUSED]
99 error   code: 'ECONNREFUSED',
99 error   errno: 'ECONNREFUSED',
99 error   syscall: 'connect',
99 error   parent: 'ml-distance' }
100 error If you are behind a proxy, please make sure that the
100 error 'proxy' config is set properly.  See: 'npm help config'
101 error System Linux 3.2.0-4-amd64
102 error command "/usr/local/bin/node" "/usr/local/bin/npm" "install"
103 error cwd /home/maasencioh/Documents/cheminfo/distance
104 error node -v v0.10.33
105 error npm -v 1.4.28
106 error syscall connect
107 error code ECONNREFUSED
108 error errno ECONNREFUSED
109 error stack Error: connect ECONNREFUSED
109 error stack     at errnoException (net.js:904:11)
109 error stack     at Object.afterConnect [as oncomplete] (net.js:895:19)
110 verbose exit [ 1, true ]
